<?xml version="1.0" encoding="UTF-8"?>
<testsuite xmlns:xsi="http://www.w3.org/2001/XMLSchema-instance" xsi:noNamespaceSchemaLocation="https://maven.apache.org/surefire/maven-surefire-plugin/xsd/surefire-test-report-3.0.xsd" version="3.0" name="com.example.demo.SalesforceCrm1ApplicationTests" time="11.417" tests="1" errors="0" skipped="0" failures="0">
  <properties>
[...]
</properties>
  <testcase name="contextLoads" classname="com.example.demo.SalesforceCrm1ApplicationTests" time="1.017">
    <system-out><![CDATA[01:19:33.535 [main] INFO org.springframework.test.context.support.AnnotationConfigContextLoaderUtils -- Could not detect default configuration classes for test class [com.example.demo.SalesforceCrm1ApplicationTests]: SalesforceCrm1ApplicationTests does not declare any static, non-private, non-final, nested classes annotated with @Configuration.
01:19:33.728 [main] INFO org.springframework.boot.test.context.SpringBootTestContextBootstrapper -- Found @SpringBootConfiguration com.example.demo.SalesforceCrm1Application for test class com.example.demo.SalesforceCrm1ApplicationTests
01:19:34.027 [main] INFO org.springframework.boot.devtools.restart.RestartApplicationListener -- Restart disabled due to context in which it is running

  .   ____          _            __ _ _
 /\\ / ___'_ __ _ _(_)_ __  __ _ \ \ \ \
( ( )\___ | '_ | '_| | '_ \/ _` | \ \ \ \
 \\/  ___)| |_)| | | | | || (_| |  ) ) ) )
  '  |____| .__|_| |_|_| |_\__, | / / / /
 =========|_|==============|___/=/_/_/_/
 :: Spring Boot ::       (v3.2.2-SNAPSHOT)

2023-12-23T01:19:34.583+07:00  INFO 46324 --- [           main] c.e.demo.SalesforceCrm1ApplicationTests  : Starting SalesforceCrm1ApplicationTests using Java 17.0.9 with PID 46324 (started by nguyenphamhungphi in /Users/nguyenphamhungphi/Documents/SalesForce/salesforce_crm)
2023-12-23T01:19:34.584+07:00  INFO 46324 --- [           main] c.e.demo.SalesforceCrm1ApplicationTests  : No active profile set, falling back to 1 default profile: "default"
2023-12-23T01:19:36.094+07:00  INFO 46324 --- [           main] .s.d.r.c.RepositoryConfigurationDelegate : Bootstrapping Spring Data JPA repositories in DEFAULT mode.
2023-12-23T01:19:36.205+07:00  INFO 46324 --- [           main] .s.d.r.c.RepositoryConfigurationDelegate : Finished Spring Data repository scanning in 100 ms. Found 1 JPA repository interface.
2023-12-23T01:19:37.452+07:00  INFO 46324 --- [           main] com.zaxxer.hikari.HikariDataSource       : HikariPool-1 - Starting...
2023-12-23T01:19:40.002+07:00  INFO 46324 --- [           main] com.zaxxer.hikari.pool.HikariPool        : HikariPool-1 - Added connection com.mysql.cj.jdbc.ConnectionImpl@79df80a4
2023-12-23T01:19:40.014+07:00  INFO 46324 --- [           main] com.zaxxer.hikari.HikariDataSource       : HikariPool-1 - Start completed.
2023-12-23T01:19:40.115+07:00  INFO 46324 --- [           main] o.hibernate.jpa.internal.util.LogHelper  : HHH000204: Processing PersistenceUnitInfo [name: default]
2023-12-23T01:19:40.162+07:00  INFO 46324 --- [           main] org.hibernate.Version                    : HHH000412: Hibernate ORM core version 6.4.1.Final
2023-12-23T01:19:40.210+07:00  INFO 46324 --- [           main] o.h.c.internal.RegionFactoryInitiator    : HHH000026: Second-level cache disabled
2023-12-23T01:19:40.510+07:00  INFO 46324 --- [           main] o.s.o.j.p.SpringPersistenceUnitInfo      : No LoadTimeWeaver setup: ignoring JPA class transformer
2023-12-23T01:19:40.765+07:00  WARN 46324 --- [           main] org.hibernate.orm.deprecation            : HHH90000025: MySQL8Dialect does not need to be specified explicitly using 'hibernate.dialect' (remove the property setting and it will be selected by default)
2023-12-23T01:19:40.766+07:00  WARN 46324 --- [           main] org.hibernate.orm.deprecation            : HHH90000026: MySQL8Dialect has been deprecated; use org.hibernate.dialect.MySQLDialect instead
2023-12-23T01:19:41.726+07:00  INFO 46324 --- [           main] o.h.e.t.j.p.i.JtaPlatformInitiator       : HHH000489: No JTA platform available (set 'hibernate.transaction.jta.platform' to enable JTA platform integration)
2023-12-23T01:19:41.729+07:00  INFO 46324 --- [           main] j.LocalContainerEntityManagerFactoryBean : Initialized JPA EntityManagerFactory for persistence unit 'default'
2023-12-23T01:19:42.423+07:00  WARN 46324 --- [           main] JpaBaseConfiguration$JpaWebConfiguration : spring.jpa.open-in-view is enabled by default. Therefore, database queries may be performed during view rendering. Explicitly configure spring.jpa.open-in-view to disable this warning
2023-12-23T01:19:43.549+07:00  INFO 46324 --- [           main] c.e.demo.SalesforceCrm1ApplicationTests  : Started SalesforceCrm1ApplicationTests in 9.599 seconds (process running for 11.47)
]]></system-out>
  </testcase>
</testsuite>